<?xml version="1.0" encoding="UTF-8"?>
<testsuite name="com.example.test.reviewboard.ReviewTests" tests="3" skipped="0" failures="0" errors="0" timestamp="2022-12-28T10:55:46" hostname="MOVIE-LAP" time="0.297">
  <properties/>
  <testcase name="delete()" classname="com.example.test.reviewboard.ReviewTests" time="0.075"/>
  <testcase name="findAll()" classname="com.example.test.reviewboard.ReviewTests" time="0.103"/>
  <testcase name="save()" classname="com.example.test.reviewboard.ReviewTests" time="0.119"/>
  <system-out><![CDATA[[2022-12-28 19:55:46:6532] [Test worker] INFO  o.s.b.t.c.SpringBootTestContextBootstrapper - Neither @ContextConfiguration nor @ContextHierarchy found for test class [com.example.test.reviewboard.ReviewTests], using SpringBootContextLoader
[2022-12-28 19:55:46:6533] [Test worker] INFO  o.s.t.c.s.AbstractContextLoader - Could not detect default resource locations for test class [com.example.test.reviewboard.ReviewTests]: no resource found for suffixes {-context.xml, Context.groovy}.
[2022-12-28 19:55:46:6537] [Test worker] INFO  o.s.b.t.c.SpringBootTestContextBootstrapper - Loaded default TestExecutionListener class names from location [META-INF/spring.factories]: [org.springframework.security.test.context.support.WithSecurityContextTestExecutionListener, org.springframework.security.test.context.support.ReactorContextTestExecutionListener, org.springframework.boot.test.autoconfigure.restdocs.RestDocsTestExecutionListener, org.springframework.boot.test.autoconfigure.web.client.MockRestServiceServerResetTestExecutionListener, org.springframework.boot.test.autoconfigure.web.servlet.MockMvcPrintOnlyOnFailureTestExecutionListener, org.springframework.boot.test.autoconfigure.web.servlet.WebDriverTestExecutionListener, org.springframework.boot.test.autoconfigure.webservices.client.MockWebServiceServerTestExecutionListener, org.springframework.boot.test.mock.mockito.MockitoTestExecutionListener, org.springframework.boot.test.mock.mockito.ResetMocksTestExecutionListener, org.springframework.test.context.web.ServletTestExecutionListener, org.springframework.test.context.support.DirtiesContextBeforeModesTestExecutionListener, org.springframework.test.context.event.ApplicationEventsTestExecutionListener, org.springframework.test.context.support.DependencyInjectionTestExecutionListener, org.springframework.test.context.support.DirtiesContextTestExecutionListener, org.springframework.test.context.transaction.TransactionalTestExecutionListener, org.springframework.test.context.jdbc.SqlScriptsTestExecutionListener, org.springframework.test.context.event.EventPublishingTestExecutionListener]
[2022-12-28 19:55:46:6538] [Test worker] INFO  o.s.b.t.c.SpringBootTestContextBootstrapper - Using TestExecutionListeners: [org.springframework.test.context.web.ServletTestExecutionListener@63714a1, org.springframework.test.context.support.DirtiesContextBeforeModesTestExecutionListener@53bf791, org.springframework.test.context.event.ApplicationEventsTestExecutionListener@1bc6a43c, org.springframework.boot.test.mock.mockito.MockitoTestExecutionListener@5f3fa154, org.springframework.boot.test.autoconfigure.SpringBootDependencyInjectionTestExecutionListener@6193340e, org.springframework.test.context.support.DirtiesContextTestExecutionListener@3bced0d2, org.springframework.test.context.transaction.TransactionalTestExecutionListener@158774d3, org.springframework.test.context.jdbc.SqlScriptsTestExecutionListener@37905236, org.springframework.security.test.context.support.WithSecurityContextTestExecutionListener@4fdb338e, org.springframework.test.context.event.EventPublishingTestExecutionListener@2de22e7, org.springframework.security.test.context.support.ReactorContextTestExecutionListener@2c51ff83, org.springframework.boot.test.autoconfigure.restdocs.RestDocsTestExecutionListener@196519dd, org.springframework.boot.test.autoconfigure.web.client.MockRestServiceServerResetTestExecutionListener@f341e3c, org.springframework.boot.test.autoconfigure.web.servlet.MockMvcPrintOnlyOnFailureTestExecutionListener@7c8ecc27, org.springframework.boot.test.autoconfigure.web.servlet.WebDriverTestExecutionListener@5f8089d2, org.springframework.boot.test.autoconfigure.webservices.client.MockWebServiceServerTestExecutionListener@6e1ac80e, org.springframework.boot.test.mock.mockito.ResetMocksTestExecutionListener@4170ee0f]
Hibernate: select reviewcour0_.review_id as review_i1_8_0_, reviewcour0_.create_date as create_d2_8_0_, reviewcour0_.update_date as update_d3_8_0_, reviewcour0_.created_by as created_4_8_0_, reviewcour0_.modified_by as modified5_8_0_, reviewcour0_.content as content6_8_0_, reviewcour0_.course_id as course_i7_8_0_, reviewcour0_.title as title8_8_0_ from review_course reviewcour0_ where reviewcour0_.review_id=?
delete error
Hibernate: select count(*) as col_0_0_ from review_course reviewcour0_
Hibernate: select reviewcour0_.review_id as review_i1_8_, reviewcour0_.create_date as create_d2_8_, reviewcour0_.update_date as update_d3_8_, reviewcour0_.created_by as created_4_8_, reviewcour0_.modified_by as modified5_8_, reviewcour0_.content as content6_8_, reviewcour0_.course_id as course_i7_8_, reviewcour0_.title as title8_8_ from review_course reviewcour0_
ReviewCourse(id=0, course_id=3, content=테스트 내용, title=테스트 제목)
Hibernate: insert into review_course (create_date, update_date, created_by, modified_by, content, course_id, title) values (?, ?, ?, ?, ?, ?, ?)
Hibernate: select reviewcour0_.review_id as review_i1_8_0_, reviewcour0_.create_date as create_d2_8_0_, reviewcour0_.update_date as update_d3_8_0_, reviewcour0_.created_by as created_4_8_0_, reviewcour0_.modified_by as modified5_8_0_, reviewcour0_.content as content6_8_0_, reviewcour0_.course_id as course_i7_8_0_, reviewcour0_.title as title8_8_0_ from review_course reviewcour0_ where reviewcour0_.review_id=?
save error
Optional.empty
]]></system-out>
  <system-err><![CDATA[]]></system-err>
</testsuite>
