<?xml version="1.0" encoding="UTF-8"?>
<testsuite name="com.example.test.TestApplicationTests" tests="1" skipped="0" failures="0" errors="0" timestamp="2022-11-25T03:36:54" hostname="KMS" time="0.609">
  <properties/>
  <testcase name="contextLoads()" classname="com.example.test.TestApplicationTests" time="0.609"/>
  <system-out><![CDATA[12:36:50.784 [Test worker] DEBUG org.springframework.test.context.BootstrapUtils - Instantiating CacheAwareContextLoaderDelegate from class [org.springframework.test.context.cache.DefaultCacheAwareContextLoaderDelegate]
12:36:50.795 [Test worker] DEBUG org.springframework.test.context.BootstrapUtils - Instantiating BootstrapContext using constructor [public org.springframework.test.context.support.DefaultBootstrapContext(java.lang.Class,org.springframework.test.context.CacheAwareContextLoaderDelegate)]
12:36:50.831 [Test worker] DEBUG org.springframework.test.context.BootstrapUtils - Instantiating TestContextBootstrapper for test class [com.example.test.TestApplicationTests] from class [org.springframework.boot.test.context.SpringBootTestContextBootstrapper]
12:36:50.842 [Test worker] INFO org.springframework.boot.test.context.SpringBootTestContextBootstrapper - Neither @ContextConfiguration nor @ContextHierarchy found for test class [com.example.test.TestApplicationTests], using SpringBootContextLoader
12:36:50.846 [Test worker] DEBUG org.springframework.test.context.support.AbstractContextLoader - Did not detect default resource location for test class [com.example.test.TestApplicationTests]: class path resource [com/example/test/TestApplicationTests-context.xml] does not exist
12:36:50.847 [Test worker] DEBUG org.springframework.test.context.support.AbstractContextLoader - Did not detect default resource location for test class [com.example.test.TestApplicationTests]: class path resource [com/example/test/TestApplicationTestsContext.groovy] does not exist
12:36:50.847 [Test worker] INFO org.springframework.test.context.support.AbstractContextLoader - Could not detect default resource locations for test class [com.example.test.TestApplicationTests]: no resource found for suffixes {-context.xml, Context.groovy}.
12:36:50.847 [Test worker] INFO org.springframework.test.context.support.AnnotationConfigContextLoaderUtils - Could not detect default configuration classes for test class [com.example.test.TestApplicationTests]: TestApplicationTests does not declare any static, non-private, non-final, nested classes annotated with @Configuration.
12:36:50.889 [Test worker] DEBUG org.springframework.test.context.support.ActiveProfilesUtils - Could not find an 'annotation declaring class' for annotation type [org.springframework.test.context.ActiveProfiles] and class [com.example.test.TestApplicationTests]
12:36:50.967 [Test worker] DEBUG org.springframework.context.annotation.ClassPathScanningCandidateComponentProvider - Identified candidate component class: file [C:\IntelliJWorkspace\test\test\build\classes\java\main\com\example\test\TestApplication.class]
12:36:50.968 [Test worker] INFO org.springframework.boot.test.context.SpringBootTestContextBootstrapper - Found @SpringBootConfiguration com.example.test.TestApplication for test class com.example.test.TestApplicationTests
12:36:51.089 [Test worker] DEBUG org.springframework.boot.test.context.SpringBootTestContextBootstrapper - @TestExecutionListeners is not present for class [com.example.test.TestApplicationTests]: using defaults.
12:36:51.090 [Test worker] INFO org.springframework.boot.test.context.SpringBootTestContextBootstrapper - Loaded default TestExecutionListener class names from location [META-INF/spring.factories]: [org.springframework.boot.test.autoconfigure.restdocs.RestDocsTestExecutionListener, org.springframework.boot.test.autoconfigure.web.client.MockRestServiceServerResetTestExecutionListener, org.springframework.boot.test.autoconfigure.web.servlet.MockMvcPrintOnlyOnFailureTestExecutionListener, org.springframework.boot.test.autoconfigure.web.servlet.WebDriverTestExecutionListener, org.springframework.boot.test.autoconfigure.webservices.client.MockWebServiceServerTestExecutionListener, org.springframework.boot.test.mock.mockito.MockitoTestExecutionListener, org.springframework.boot.test.mock.mockito.ResetMocksTestExecutionListener, org.springframework.test.context.web.ServletTestExecutionListener, org.springframework.test.context.support.DirtiesContextBeforeModesTestExecutionListener, org.springframework.test.context.event.ApplicationEventsTestExecutionListener, org.springframework.test.context.support.DependencyInjectionTestExecutionListener, org.springframework.test.context.support.DirtiesContextTestExecutionListener, org.springframework.test.context.transaction.TransactionalTestExecutionListener, org.springframework.test.context.jdbc.SqlScriptsTestExecutionListener, org.springframework.test.context.event.EventPublishingTestExecutionListener]
12:36:51.121 [Test worker] INFO org.springframework.boot.test.context.SpringBootTestContextBootstrapper - Using TestExecutionListeners: [org.springframework.test.context.web.ServletTestExecutionListener@675d8c96, org.springframework.test.context.support.DirtiesContextBeforeModesTestExecutionListener@741b3bc3, org.springframework.test.context.event.ApplicationEventsTestExecutionListener@2ed3b1f5, org.springframework.boot.test.mock.mockito.MockitoTestExecutionListener@63648ee9, org.springframework.boot.test.autoconfigure.SpringBootDependencyInjectionTestExecutionListener@68d6972f, org.springframework.test.context.support.DirtiesContextTestExecutionListener@45be7cd5, org.springframework.test.context.transaction.TransactionalTestExecutionListener@7651218e, org.springframework.test.context.jdbc.SqlScriptsTestExecutionListener@3185fa6b, org.springframework.test.context.event.EventPublishingTestExecutionListener@6d366c9b, org.springframework.boot.test.autoconfigure.restdocs.RestDocsTestExecutionListener@5b58ed3c, org.springframework.boot.test.autoconfigure.web.client.MockRestServiceServerResetTestExecutionListener@24faea88, org.springframework.boot.test.autoconfigure.web.servlet.MockMvcPrintOnlyOnFailureTestExecutionListener@3a320ade, org.springframework.boot.test.autoconfigure.web.servlet.WebDriverTestExecutionListener@64beebb7, org.springframework.boot.test.autoconfigure.webservices.client.MockWebServiceServerTestExecutionListener@7813cb11, org.springframework.boot.test.mock.mockito.ResetMocksTestExecutionListener@bcec031]
12:36:51.128 [Test worker] DEBUG org.springframework.test.context.support.AbstractDirtiesContextTestExecutionListener - Before test class: context [DefaultTestContext@423e4cbb testClass = TestApplicationTests, testInstance = [null], testMethod = [null], testException = [null], mergedContextConfiguration = [WebMergedContextConfiguration@6e16b8b5 testClass = TestApplicationTests, locations = '{}', classes = '{class com.example.test.TestApplication}', contextInitializerClasses = '[]', activeProfiles = '{}', propertySourceLocations = '{}', propertySourceProperties = '{org.springframework.boot.test.context.SpringBootTestContextBootstrapper=true}', contextCustomizers = set[org.springframework.boot.test.autoconfigure.actuate.metrics.MetricsExportContextCustomizerFactory$DisableMetricExportContextCustomizer@41709512, org.springframework.boot.test.autoconfigure.properties.PropertyMappingContextCustomizer@0, org.springframework.boot.test.autoconfigure.web.servlet.WebDriverContextCustomizerFactory$Customizer@6155d082, org.springframework.boot.test.context.filter.ExcludeFilterContextCustomizer@2dcd168a, org.springframework.boot.test.json.DuplicateJsonObjectContextCustomizerFactory$DuplicateJsonObjectContextCustomizer@531f4093, org.springframework.boot.test.mock.mockito.MockitoContextCustomizer@0, org.springframework.boot.test.web.client.TestRestTemplateContextCustomizer@3568f9d2, org.springframework.boot.test.context.SpringBootTestArgs@1, org.springframework.boot.test.context.SpringBootTestWebEnvironment@4de4b452], resourceBasePath = 'src/main/webapp', contextLoader = 'org.springframework.boot.test.context.SpringBootContextLoader', parent = [null]], attributes = map['org.springframework.test.context.web.ServletTestExecutionListener.activateListener' -> true]], class annotated with @DirtiesContext [false] with mode [null].

  .   ____          _            __ _ _
 /\\ / ___'_ __ _ _(_)_ __  __ _ \ \ \ \
( ( )\___ | '_ | '_| | '_ \/ _` | \ \ \ \
 \\/  ___)| |_)| | | | | || (_| |  ) ) ) )
  '  |____| .__|_| |_|_| |_\__, | / / / /
 =========|_|==============|___/=/_/_/_/
 :: Spring Boot ::                (v2.7.5)

2022-11-25 12:36:51.601  INFO 28492 --- [    Test worker] com.example.test.TestApplicationTests    : Starting TestApplicationTests using Java 17.0.4 on kms with PID 28492 (started by minsu in C:\IntelliJWorkspace\test\test)
2022-11-25 12:36:51.603  INFO 28492 --- [    Test worker] com.example.test.TestApplicationTests    : No active profile set, falling back to 1 default profile: "default"
2022-11-25 12:36:54.188  INFO 28492 --- [    Test worker] com.example.test.TestApplicationTests    : Started TestApplicationTests in 2.971 seconds (JVM running for 4.561)
]]></system-out>
  <system-err><![CDATA[]]></system-err>
</testsuite>
